# JRE version: OpenJDK Runtime Environment AdoptOpenJDK (11.0.10+9) (build 11.0.10+9)
# Java VM: OpenJDK 64-Bit Server VM AdoptOpenJDK (11.0.10+9, mixed mode, tiered, compressed oops, g1 gc, bsd-amd64)
Heap:
 garbage-first heap   total 131072K, used 12262K [0x0000000780000000, 0x0000000800000000)
  region size 1024K, 4 young (4096K), 3 survivors (3072K)
 Metaspace       used 27253K, capacity 28274K, committed 28592K, reserved 1075200K
  class space    used 3317K, capacity 3735K, committed 3840K, reserved 1048576K
GC Heap History (8 events):
Event: 1.246 GC heap before
{Heap before GC invocations=0 (full 0):
 garbage-first heap   total 131072K, used 23552K [0x0000000780000000, 0x0000000800000000)
  region size 1024K, 24 young (24576K), 0 survivors (0K)
 Metaspace       used 13850K, capacity 14254K, committed 14592K, reserved 1062912K
  class space    used 1530K, capacity 1696K, committed 1792K, reserved 1048576K
}
Event: 1.256 GC heap after
{Heap after GC invocations=1 (full 0):
 garbage-first heap   total 131072K, used 4284K [0x0000000780000000, 0x0000000800000000)
  region size 1024K, 3 young (3072K), 3 survivors (3072K)
 Metaspace       used 13850K, capacity 14254K, committed 14592K, reserved 1062912K
  class space    used 1530K, capacity 1696K, committed 1792K, reserved 1048576K
}
Event: 1.766 GC heap before
{Heap before GC invocations=1 (full 0):
 garbage-first heap   total 131072K, used 18620K [0x0000000780000000, 0x0000000800000000)
  region size 1024K, 18 young (18432K), 3 survivors (3072K)
 Metaspace       used 20664K, capacity 21120K, committed 21296K, reserved 1069056K
  class space    used 2400K, capacity 2607K, committed 2688K, reserved 1048576K
}
Event: 1.782 GC heap after
{Heap after GC invocations=2 (full 0):
 garbage-first heap   total 131072K, used 6742K [0x0000000780000000, 0x0000000800000000)
  region size 1024K, 6 young (6144K), 6 survivors (6144K)
 Metaspace       used 20664K, capacity 21120K, committed 21296K, reserved 1069056K
  class space    used 2400K, capacity 2607K, committed 2688K, reserved 1048576K
}
Event: 2.011 GC heap before
{Heap before GC invocations=3 (full 0):
 garbage-first heap   total 131072K, used 7766K [0x0000000780000000, 0x0000000800000000)
  region size 1024K, 7 young (7168K), 6 survivors (6144K)
 Metaspace       used 20790K, capacity 21263K, committed 21552K, reserved 1069056K
  class space    used 2443K, capacity 2656K, committed 2688K, reserved 1048576K
}
Event: 2.022 GC heap after
{Heap after GC invocations=4 (full 0):
 garbage-first heap   total 131072K, used 7564K [0x0000000780000000, 0x0000000800000000)
  region size 1024K, 1 young (1024K), 1 survivors (1024K)
 Metaspace       used 20790K, capacity 21263K, committed 21552K, reserved 1069056K
  class space    used 2443K, capacity 2656K, committed 2688K, reserved 1048576K
}
Event: 71.984 GC heap before
{Heap before GC invocations=4 (full 0):
 garbage-first heap   total 131072K, used 67980K [0x0000000780000000, 0x0000000800000000)
  region size 1024K, 55 young (56320K), 1 survivors (1024K)
 Metaspace       used 27250K, capacity 28274K, committed 28592K, reserved 1075200K
  class space    used 3317K, capacity 3735K, committed 3840K, reserved 1048576K
}
Event: 71.993 GC heap after
{Heap after GC invocations=5 (full 0):
 garbage-first heap   total 131072K, used 12262K [0x0000000780000000, 0x0000000800000000)
  region size 1024K, 3 young (3072K), 3 survivors (3072K)
 Metaspace       used 27250K, capacity 28274K, committed 28592K, reserved 1075200K
  class space    used 3317K, capacity 3735K, committed 3840K, reserved 1048576K
}

