# JRE version: OpenJDK Runtime Environment AdoptOpenJDK (11.0.10+9) (build 11.0.10+9)
# Java VM: OpenJDK 64-Bit Server VM AdoptOpenJDK (11.0.10+9, mixed mode, tiered, compressed oops, g1 gc, bsd-amd64)
Heap:
 garbage-first heap   total 131072K, used 28981K [0x0000000780000000, 0x0000000800000000)
  region size 1024K, 18 young (18432K), 1 survivors (1024K)
 Metaspace       used 26379K, capacity 27345K, committed 27440K, reserved 1073152K
  class space    used 3303K, capacity 3690K, committed 3712K, reserved 1048576K
GC Heap History (6 events):
Event: 1.097 GC heap before
{Heap before GC invocations=0 (full 0):
 garbage-first heap   total 131072K, used 23552K [0x0000000780000000, 0x0000000800000000)
  region size 1024K, 24 young (24576K), 0 survivors (0K)
 Metaspace       used 13838K, capacity 14254K, committed 14592K, reserved 1062912K
  class space    used 1529K, capacity 1696K, committed 1792K, reserved 1048576K
}
Event: 1.107 GC heap after
{Heap after GC invocations=1 (full 0):
 garbage-first heap   total 131072K, used 4088K [0x0000000780000000, 0x0000000800000000)
  region size 1024K, 3 young (3072K), 3 survivors (3072K)
 Metaspace       used 13838K, capacity 14254K, committed 14592K, reserved 1062912K
  class space    used 1529K, capacity 1696K, committed 1792K, reserved 1048576K
}
Event: 1.592 GC heap before
{Heap before GC invocations=1 (full 0):
 garbage-first heap   total 131072K, used 18424K [0x0000000780000000, 0x0000000800000000)
  region size 1024K, 18 young (18432K), 3 survivors (3072K)
 Metaspace       used 20507K, capacity 20987K, committed 21296K, reserved 1069056K
  class space    used 2380K, capacity 2605K, committed 2688K, reserved 1048576K
}
Event: 1.604 GC heap after
{Heap after GC invocations=2 (full 0):
 garbage-first heap   total 131072K, used 6511K [0x0000000780000000, 0x0000000800000000)
  region size 1024K, 6 young (6144K), 6 survivors (6144K)
 Metaspace       used 20507K, capacity 20987K, committed 21296K, reserved 1069056K
  class space    used 2380K, capacity 2605K, committed 2688K, reserved 1048576K
}
Event: 1.895 GC heap before
{Heap before GC invocations=3 (full 0):
 garbage-first heap   total 131072K, used 10607K [0x0000000780000000, 0x0000000800000000)
  region size 1024K, 10 young (10240K), 6 survivors (6144K)
 Metaspace       used 21568K, capacity 22151K, committed 22576K, reserved 1069056K
  class space    used 2578K, capacity 2846K, committed 2944K, reserved 1048576K
}
Event: 1.903 GC heap after
{Heap after GC invocations=4 (full 0):
 garbage-first heap   total 131072K, used 7477K [0x0000000780000000, 0x0000000800000000)
  region size 1024K, 1 young (1024K), 1 survivors (1024K)
 Metaspace       used 21568K, capacity 22151K, committed 22576K, reserved 1069056K
  class space    used 2578K, capacity 2846K, committed 2944K, reserved 1048576K
}

